<?xml version="1.0" encoding="UTF-8"?>
<!-- Generated by org.testng.reporters.JUnitReportReporter -->
<testsuite hostname="DESKTOP-KVAV3KP" failures="0" tests="3" name="com.mavenproject.Hackathonproject.App" time="10.000" errors="0" timestamp="2023-05-04T22:19:51 IST" skipped="0">
  <testcase classname="com.mavenproject.Hackathonproject.App" name="confirmAlert" time="3.213"/>
  <system-out/>
  <testcase classname="com.mavenproject.Hackathonproject.App" name="promptAlert" time="3.284"/>
  <system-out/>
  <testcase classname="com.mavenproject.Hackathonproject.App" name="simpleAlert" time="3.503"/>
  <system-out/>
</testsuite> <!-- com.mavenproject.Hackathonproject.App -->
