<?xml version="1.0" encoding="UTF-8"?>
<!-- Generated by org.testng.reporters.JUnitReportReporter -->
<testsuite hostname="DESKTOP-KVAV3KP" failures="0" tests="1" name="com.mavenproject.Hackathonproject.FindHospitals" time="45.960" errors="0" timestamp="2023-05-11T10:53:32 IST" skipped="0">
  <testcase classname="com.mavenproject.Hackathonproject.FindHospitals" name="findHospitals" time="45.960"/>
  <system-out/>
</testsuite> <!-- com.mavenproject.Hackathonproject.FindHospitals -->
